android/app/build/intermediates/manifest_merge_blame_file/debug/manifest-merger-blame-debug-report.txt
1<?xml version="1.0" encoding="utf-8"?>
2<manifest xmlns:android="http://schemas.android.com/apk/res/android"
3    package="com.apptest"
4    android:versionCode="1"
5    android:versionName="1.0" >
6
7    <uses-sdk
8        android:minSdkVersion="21"
9        android:targetSdkVersion="31" />
10
11    <uses-permission android:name="android.permission.SYSTEM_ALERT_WINDOW" />
11-->src\debug\AndroidManifest.xml:5:5-77
11-->src\debug\AndroidManifest.xml:5:22-75
12    <uses-permission android:name="android.permission.INTERNET" />
12-->src\main\AndroidManifest.xml:2:3-64
12-->src\main\AndroidManifest.xml:2:20-62
13    <uses-permission android:name="android.permission.ACCESS_WIFI_STATE" />
13-->[com.facebook.flipper:flipper:0.125.0] AndroidManifest.xml:16:5-76
13-->[com.facebook.flipper:flipper:0.125.0] AndroidManifest.xml:16:22-73
14
15    <application
15-->src\main\AndroidManifest.xml:3:3-16:17
16        android:name="com.apptest.MainApplication"
16-->src\main\AndroidManifest.xml:3:16-47
17        android:allowBackup="false"
17-->src\main\AndroidManifest.xml:3:162-189
18        android:appComponentFactory="androidx.core.app.CoreComponentFactory"
18-->[androidx.core:core:1.7.0] AndroidManifest.xml:24:18-86
19        android:debuggable="true"
20        android:icon="@mipmap/ic_launcher"
20-->src\main\AndroidManifest.xml:3:81-115
21        android:label="@string/app_name"
21-->src\main\AndroidManifest.xml:3:48-80
22        android:roundIcon="@mipmap/ic_launcher_round"
22-->src\main\AndroidManifest.xml:3:116-161
23        android:theme="@style/AppTheme"
23-->src\main\AndroidManifest.xml:3:190-221
24        android:usesCleartextTraffic="true" >
24-->src\debug\AndroidManifest.xml:8:9-44
25        <activity
25-->src\debug\AndroidManifest.xml:11:9-111
26            android:name="com.facebook.react.devsupport.DevSettingsActivity"
26-->src\debug\AndroidManifest.xml:11:19-83
27            android:exported="false" />
27-->src\debug\AndroidManifest.xml:11:84-108
28        <activity
28-->src\main\AndroidManifest.xml:4:5-15:16
29            android:name="com.apptest.MainActivity"
29-->src\main\AndroidManifest.xml:4:15-43
30            android:configChanges="keyboard|keyboardHidden|orientation|screenLayout|screenSize|smallestScreenSize|uiMode"
30-->src\main\AndroidManifest.xml:4:77-186
31            android:exported="true"
31-->src\main\AndroidManifest.xml:4:262-285
32            android:label="@string/app_name"
32-->src\main\AndroidManifest.xml:4:44-76
33            android:launchMode="singleTask"
33-->src\main\AndroidManifest.xml:4:187-218
34            android:windowSoftInputMode="adjustResize" >
34-->src\main\AndroidManifest.xml:4:219-261
35            <intent-filter>
35-->src\main\AndroidManifest.xml:5:7-8:23
36                <action android:name="android.intent.action.MAIN" />
36-->src\main\AndroidManifest.xml:6:9-60
36-->src\main\AndroidManifest.xml:6:17-58
37
38                <category android:name="android.intent.category.LAUNCHER" />
38-->src\main\AndroidManifest.xml:7:9-68
38-->src\main\AndroidManifest.xml:7:19-66
39            </intent-filter>
40            <intent-filter>
40-->src\main\AndroidManifest.xml:9:7-14:23
41                <action android:name="android.intent.action.VIEW" />
41-->src\main\AndroidManifest.xml:10:9-60
41-->src\main\AndroidManifest.xml:10:17-58
42
43                <category android:name="android.intent.category.DEFAULT" />
43-->src\main\AndroidManifest.xml:11:9-67
43-->src\main\AndroidManifest.xml:11:19-65
44                <category android:name="android.intent.category.BROWSABLE" />
44-->src\main\AndroidManifest.xml:12:9-69
44-->src\main\AndroidManifest.xml:12:19-67
45
46                <data android:scheme="peoplesapp" />
46-->src\main\AndroidManifest.xml:13:9-44
46-->src\main\AndroidManifest.xml:13:15-42
47            </intent-filter>
48        </activity>
49
50        <provider
50-->[androidx.emoji2:emoji2:1.0.0] AndroidManifest.xml:26:9-34:20
51            android:name="androidx.startup.InitializationProvider"
51-->[androidx.emoji2:emoji2:1.0.0] AndroidManifest.xml:27:13-67
52            android:authorities="com.apptest.androidx-startup"
52-->[androidx.emoji2:emoji2:1.0.0] AndroidManifest.xml:28:13-68
53            android:exported="false" >
53-->[androidx.emoji2:emoji2:1.0.0] AndroidManifest.xml:29:13-37
54            <meta-data
54-->[androidx.emoji2:emoji2:1.0.0] AndroidManifest.xml:31:13-33:52
55                android:name="androidx.emoji2.text.EmojiCompatInitializer"
55-->[androidx.emoji2:emoji2:1.0.0] AndroidManifest.xml:32:17-75
56                android:value="androidx.startup" />
56-->[androidx.emoji2:emoji2:1.0.0] AndroidManifest.xml:33:17-49
57            <meta-data
57-->[androidx.lifecycle:lifecycle-process:2.4.0] AndroidManifest.xml:31:13-33:52
58                android:name="androidx.lifecycle.ProcessLifecycleInitializer"
58-->[androidx.lifecycle:lifecycle-process:2.4.0] AndroidManifest.xml:32:17-78
59                android:value="androidx.startup" />
59-->[androidx.lifecycle:lifecycle-process:2.4.0] AndroidManifest.xml:33:17-49
60        </provider>
61    </application>
62
63</manifest>